[07-Nov-2020 18:30:02 UTC] PHP Parse error:  syntax error, unexpected '}', expecting end of file in /Users/mohdraza/WebDev/wordpress/gen2voip/app/public/wp-content/themes/gen2voip/index.php on line 44
[07-Nov-2020 19:49:10 UTC] PHP Fatal error:  Uncaught Error: Call to undefined function pageBanner() in /Users/mohdraza/WebDev/wordpress/gen2voip/app/public/wp-content/themes/gen2voip/front-page.php:6
Stack trace:
#0 /Users/mohdraza/WebDev/wordpress/gen2voip/app/public/wp-includes/template-loader.php(106): include()
#1 /Users/mohdraza/WebDev/wordpress/gen2voip/app/public/wp-blog-header.php(19): require_once('/Users/mohdraza...')
#2 /Users/mohdraza/WebDev/wordpress/gen2voip/app/public/index.php(17): require('/Users/mohdraza...')
#3 {main}
  thrown in /Users/mohdraza/WebDev/wordpress/gen2voip/app/public/wp-content/themes/gen2voip/front-page.php on line 6
[07-Nov-2020 19:50:02 UTC] PHP Fatal error:  Uncaught Error: Call to undefined function astra_primary_class() in /Users/mohdraza/WebDev/wordpress/gen2voip/app/public/wp-content/themes/gen2voip/front-page.php:7
Stack trace:
#0 /Users/mohdraza/WebDev/wordpress/gen2voip/app/public/wp-includes/template-loader.php(106): include()
#1 /Users/mohdraza/WebDev/wordpress/gen2voip/app/public/wp-blog-header.php(19): require_once('/Users/mohdraza...')
#2 /Users/mohdraza/WebDev/wordpress/gen2voip/app/public/index.php(17): require('/Users/mohdraza...')
#3 {main}
  thrown in /Users/mohdraza/WebDev/wordpress/gen2voip/app/public/wp-content/themes/gen2voip/front-page.php on line 7
[07-Nov-2020 19:51:13 UTC] PHP Fatal error:  Uncaught Error: Call to undefined function pageBanner() in /Users/mohdraza/WebDev/wordpress/gen2voip/app/public/wp-content/themes/gen2voip/front-page.php:6
Stack trace:
#0 /Users/mohdraza/WebDev/wordpress/gen2voip/app/public/wp-includes/template-loader.php(106): include()
#1 /Users/mohdraza/WebDev/wordpress/gen2voip/app/public/wp-blog-header.php(19): require_once('/Users/mohdraza...')
#2 /Users/mohdraza/WebDev/wordpress/gen2voip/app/public/index.php(17): require('/Users/mohdraza...')
#3 {main}
  thrown in /Users/mohdraza/WebDev/wordpress/gen2voip/app/public/wp-content/themes/gen2voip/front-page.php on line 6
[07-Nov-2020 20:38:27 UTC] PHP Parse error:  syntax error, unexpected end of file in /Users/mohdraza/WebDev/wordpress/gen2voip/app/public/wp-content/themes/gen2voip/footer.php on line 56
[07-Nov-2020 20:50:37 UTC] PHP Fatal error:  Cannot redeclare twentytwenty_skip_link() (previously declared in /Users/mohdraza/WebDev/wordpress/gen2voip/app/public/wp-content/themes/gen2voip/functions.php:23) in /Users/mohdraza/WebDev/wordpress/gen2voip/app/public/wp-content/themes/twentytwenty/functions.php on line 339
[07-Nov-2020 20:50:37 UTC] PHP Stack trace:
[07-Nov-2020 20:50:37 UTC] PHP   1. {main}() /Users/mohdraza/WebDev/wordpress/gen2voip/app/public/index.php:0
[07-Nov-2020 20:50:37 UTC] PHP   2. require() /Users/mohdraza/WebDev/wordpress/gen2voip/app/public/index.php:17
[07-Nov-2020 20:50:37 UTC] PHP   3. require_once() /Users/mohdraza/WebDev/wordpress/gen2voip/app/public/wp-blog-header.php:13
[07-Nov-2020 20:50:37 UTC] PHP   4. require_once() /Users/mohdraza/WebDev/wordpress/gen2voip/app/public/wp-load.php:37
[07-Nov-2020 20:50:37 UTC] PHP   5. require_once() /Users/mohdraza/WebDev/wordpress/gen2voip/app/public/wp-config.php:77
[07-Nov-2020 20:50:38 UTC] PHP Fatal error:  Cannot redeclare twentytwenty_skip_link() (previously declared in /Users/mohdraza/WebDev/wordpress/gen2voip/app/public/wp-content/themes/gen2voip/functions.php:23) in /Users/mohdraza/WebDev/wordpress/gen2voip/app/public/wp-content/themes/twentytwenty/functions.php on line 339
[07-Nov-2020 20:50:38 UTC] PHP Stack trace:
[07-Nov-2020 20:50:38 UTC] PHP   1. {main}() /Users/mohdraza/WebDev/wordpress/gen2voip/app/public/wp-admin/widgets.php:0
[07-Nov-2020 20:50:38 UTC] PHP   2. require_once() /Users/mohdraza/WebDev/wordpress/gen2voip/app/public/wp-admin/widgets.php:10
[07-Nov-2020 20:50:38 UTC] PHP   3. require_once() /Users/mohdraza/WebDev/wordpress/gen2voip/app/public/wp-admin/admin.php:34
[07-Nov-2020 20:50:38 UTC] PHP   4. require_once() /Users/mohdraza/WebDev/wordpress/gen2voip/app/public/wp-load.php:37
[07-Nov-2020 20:50:38 UTC] PHP   5. require_once() /Users/mohdraza/WebDev/wordpress/gen2voip/app/public/wp-config.php:77
[07-Nov-2020 23:32:10 UTC] PHP Parse error:  syntax error, unexpected '}', expecting ',' or ';' in /Users/mohdraza/WebDev/wordpress/gen2voip/app/public/wp-content/themes/gen2voip/header.php on line 29
[07-Nov-2020 23:32:10 UTC] PHP Parse error:  syntax error, unexpected '}', expecting ',' or ';' in /Users/mohdraza/WebDev/wordpress/gen2voip/app/public/wp-content/themes/gen2voip/header.php on line 29
[07-Nov-2020 23:55:33 UTC] PHP Parse error:  syntax error, unexpected '}' in /Users/mohdraza/WebDev/wordpress/gen2voip/app/public/wp-content/themes/gen2voip/header.php on line 31
[07-Nov-2020 23:55:34 UTC] PHP Parse error:  syntax error, unexpected '}' in /Users/mohdraza/WebDev/wordpress/gen2voip/app/public/wp-content/themes/gen2voip/header.php on line 31
[07-Nov-2020 23:55:37 UTC] PHP Parse error:  syntax error, unexpected '}' in /Users/mohdraza/WebDev/wordpress/gen2voip/app/public/wp-content/themes/gen2voip/header.php on line 31
[08-Nov-2020 00:13:14 UTC] PHP Parse error:  syntax error, unexpected end of file in /Users/mohdraza/WebDev/wordpress/gen2voip/app/public/wp-content/themes/gen2voip/header.php on line 82
[08-Nov-2020 00:15:12 UTC] PHP Parse error:  syntax error, unexpected end of file in /Users/mohdraza/WebDev/wordpress/gen2voip/app/public/wp-content/themes/gen2voip/header.php on line 83
[08-Nov-2020 00:15:26 UTC] PHP Parse error:  syntax error, unexpected end of file in /Users/mohdraza/WebDev/wordpress/gen2voip/app/public/wp-content/themes/gen2voip/header.php on line 74
[08-Nov-2020 00:16:09 UTC] PHP Parse error:  syntax error, unexpected end of file in /Users/mohdraza/WebDev/wordpress/gen2voip/app/public/wp-content/themes/gen2voip/header.php on line 71
[08-Nov-2020 01:02:32 UTC] PHP Parse error:  syntax error, unexpected '}', expecting end of file in /Users/mohdraza/WebDev/wordpress/gen2voip/app/public/wp-content/themes/gen2voip/template-parts/modal-menu.php on line 56
[08-Nov-2020 01:02:36 UTC] PHP Parse error:  syntax error, unexpected '}', expecting end of file in /Users/mohdraza/WebDev/wordpress/gen2voip/app/public/wp-content/themes/gen2voip/template-parts/modal-menu.php on line 56
[08-Nov-2020 01:16:51 UTC] PHP Warning:  require_once(/Users/mohdraza/WebDev/wordpress/gen2voip/app/public/wp-content/themes/gen2voip/inc/templates/vpsecurity-header.php): failed to open stream: No such file or directory in /Users/mohdraza/WebDev/wordpress/gen2voip/app/public/wp-content/themes/gen2voip/inc/function-admin-options.php on line 24
[08-Nov-2020 01:16:51 UTC] PHP Stack trace:
[08-Nov-2020 01:16:51 UTC] PHP   1. {main}() /Users/mohdraza/WebDev/wordpress/gen2voip/app/public/wp-admin/admin.php:0
[08-Nov-2020 01:16:51 UTC] PHP   2. do_action() /Users/mohdraza/WebDev/wordpress/gen2voip/app/public/wp-admin/admin.php:259
[08-Nov-2020 01:16:51 UTC] PHP   3. WP_Hook->do_action() /Users/mohdraza/WebDev/wordpress/gen2voip/app/public/wp-includes/plugin.php:478
[08-Nov-2020 01:16:51 UTC] PHP   4. WP_Hook->apply_filters() /Users/mohdraza/WebDev/wordpress/gen2voip/app/public/wp-includes/class-wp-hook.php:311
[08-Nov-2020 01:16:51 UTC] PHP   5. vpsecurity_theme_create_page() /Users/mohdraza/WebDev/wordpress/gen2voip/app/public/wp-includes/class-wp-hook.php:287
[08-Nov-2020 01:16:51 UTC] PHP Fatal error:  require_once(): Failed opening required '/Users/mohdraza/WebDev/wordpress/gen2voip/app/public/wp-content/themes/gen2voip/inc/templates/vpsecurity-header.php' (include_path='.:/usr/share/php:/www/wp-content/pear') in /Users/mohdraza/WebDev/wordpress/gen2voip/app/public/wp-content/themes/gen2voip/inc/function-admin-options.php on line 24
[08-Nov-2020 01:16:51 UTC] PHP Stack trace:
[08-Nov-2020 01:16:51 UTC] PHP   1. {main}() /Users/mohdraza/WebDev/wordpress/gen2voip/app/public/wp-admin/admin.php:0
[08-Nov-2020 01:16:51 UTC] PHP   2. do_action() /Users/mohdraza/WebDev/wordpress/gen2voip/app/public/wp-admin/admin.php:259
[08-Nov-2020 01:16:51 UTC] PHP   3. WP_Hook->do_action() /Users/mohdraza/WebDev/wordpress/gen2voip/app/public/wp-includes/plugin.php:478
[08-Nov-2020 01:16:51 UTC] PHP   4. WP_Hook->apply_filters() /Users/mohdraza/WebDev/wordpress/gen2voip/app/public/wp-includes/class-wp-hook.php:311
[08-Nov-2020 01:16:51 UTC] PHP   5. vpsecurity_theme_create_page() /Users/mohdraza/WebDev/wordpress/gen2voip/app/public/wp-includes/class-wp-hook.php:287
[08-Nov-2020 01:18:00 UTC] PHP Warning:  require_once(/Users/mohdraza/WebDev/wordpress/gen2voip/app/public/wp-content/themes/gen2voip/inc/templates/vpsecurity-header.php): failed to open stream: No such file or directory in /Users/mohdraza/WebDev/wordpress/gen2voip/app/public/wp-content/themes/gen2voip/inc/function-admin-options.php on line 24
[08-Nov-2020 01:18:00 UTC] PHP Stack trace:
[08-Nov-2020 01:18:00 UTC] PHP   1. {main}() /Users/mohdraza/WebDev/wordpress/gen2voip/app/public/wp-admin/admin.php:0
[08-Nov-2020 01:18:00 UTC] PHP   2. do_action() /Users/mohdraza/WebDev/wordpress/gen2voip/app/public/wp-admin/admin.php:259
[08-Nov-2020 01:18:00 UTC] PHP   3. WP_Hook->do_action() /Users/mohdraza/WebDev/wordpress/gen2voip/app/public/wp-includes/plugin.php:478
[08-Nov-2020 01:18:00 UTC] PHP   4. WP_Hook->apply_filters() /Users/mohdraza/WebDev/wordpress/gen2voip/app/public/wp-includes/class-wp-hook.php:311
[08-Nov-2020 01:18:00 UTC] PHP   5. vpsecurity_theme_create_page() /Users/mohdraza/WebDev/wordpress/gen2voip/app/public/wp-includes/class-wp-hook.php:287
[08-Nov-2020 01:18:00 UTC] PHP Fatal error:  require_once(): Failed opening required '/Users/mohdraza/WebDev/wordpress/gen2voip/app/public/wp-content/themes/gen2voip/inc/templates/vpsecurity-header.php' (include_path='.:/usr/share/php:/www/wp-content/pear') in /Users/mohdraza/WebDev/wordpress/gen2voip/app/public/wp-content/themes/gen2voip/inc/function-admin-options.php on line 24
[08-Nov-2020 01:18:00 UTC] PHP Stack trace:
[08-Nov-2020 01:18:00 UTC] PHP   1. {main}() /Users/mohdraza/WebDev/wordpress/gen2voip/app/public/wp-admin/admin.php:0
[08-Nov-2020 01:18:00 UTC] PHP   2. do_action() /Users/mohdraza/WebDev/wordpress/gen2voip/app/public/wp-admin/admin.php:259
[08-Nov-2020 01:18:00 UTC] PHP   3. WP_Hook->do_action() /Users/mohdraza/WebDev/wordpress/gen2voip/app/public/wp-includes/plugin.php:478
[08-Nov-2020 01:18:00 UTC] PHP   4. WP_Hook->apply_filters() /Users/mohdraza/WebDev/wordpress/gen2voip/app/public/wp-includes/class-wp-hook.php:311
[08-Nov-2020 01:18:00 UTC] PHP   5. vpsecurity_theme_create_page() /Users/mohdraza/WebDev/wordpress/gen2voip/app/public/wp-includes/class-wp-hook.php:287
[08-Nov-2020 01:18:06 UTC] PHP Warning:  require_once(/Users/mohdraza/WebDev/wordpress/gen2voip/app/public/wp-content/themes/gen2voip/inc/templates/vpsecurity-header.php): failed to open stream: No such file or directory in /Users/mohdraza/WebDev/wordpress/gen2voip/app/public/wp-content/themes/gen2voip/inc/function-admin-options.php on line 24
[08-Nov-2020 01:18:06 UTC] PHP Stack trace:
[08-Nov-2020 01:18:06 UTC] PHP   1. {main}() /Users/mohdraza/WebDev/wordpress/gen2voip/app/public/wp-admin/admin.php:0
[08-Nov-2020 01:18:06 UTC] PHP   2. do_action() /Users/mohdraza/WebDev/wordpress/gen2voip/app/public/wp-admin/admin.php:259
[08-Nov-2020 01:18:06 UTC] PHP   3. WP_Hook->do_action() /Users/mohdraza/WebDev/wordpress/gen2voip/app/public/wp-includes/plugin.php:478
[08-Nov-2020 01:18:06 UTC] PHP   4. WP_Hook->apply_filters() /Users/mohdraza/WebDev/wordpress/gen2voip/app/public/wp-includes/class-wp-hook.php:311
[08-Nov-2020 01:18:06 UTC] PHP   5. vpsecurity_theme_create_page() /Users/mohdraza/WebDev/wordpress/gen2voip/app/public/wp-includes/class-wp-hook.php:287
[08-Nov-2020 01:18:06 UTC] PHP Fatal error:  require_once(): Failed opening required '/Users/mohdraza/WebDev/wordpress/gen2voip/app/public/wp-content/themes/gen2voip/inc/templates/vpsecurity-header.php' (include_path='.:/usr/share/php:/www/wp-content/pear') in /Users/mohdraza/WebDev/wordpress/gen2voip/app/public/wp-content/themes/gen2voip/inc/function-admin-options.php on line 24
[08-Nov-2020 01:18:06 UTC] PHP Stack trace:
[08-Nov-2020 01:18:06 UTC] PHP   1. {main}() /Users/mohdraza/WebDev/wordpress/gen2voip/app/public/wp-admin/admin.php:0
[08-Nov-2020 01:18:06 UTC] PHP   2. do_action() /Users/mohdraza/WebDev/wordpress/gen2voip/app/public/wp-admin/admin.php:259
[08-Nov-2020 01:18:06 UTC] PHP   3. WP_Hook->do_action() /Users/mohdraza/WebDev/wordpress/gen2voip/app/public/wp-includes/plugin.php:478
[08-Nov-2020 01:18:06 UTC] PHP   4. WP_Hook->apply_filters() /Users/mohdraza/WebDev/wordpress/gen2voip/app/public/wp-includes/class-wp-hook.php:311
[08-Nov-2020 01:18:06 UTC] PHP   5. vpsecurity_theme_create_page() /Users/mohdraza/WebDev/wordpress/gen2voip/app/public/wp-includes/class-wp-hook.php:287
[08-Nov-2020 01:18:18 UTC] PHP Warning:  require_once(/Users/mohdraza/WebDev/wordpress/gen2voip/app/public/wp-content/themes/gen2voip/inc/templates/vpsecurity-header.php): failed to open stream: No such file or directory in /Users/mohdraza/WebDev/wordpress/gen2voip/app/public/wp-content/themes/gen2voip/inc/function-admin-options.php on line 24
[08-Nov-2020 01:18:18 UTC] PHP Stack trace:
[08-Nov-2020 01:18:18 UTC] PHP   1. {main}() /Users/mohdraza/WebDev/wordpress/gen2voip/app/public/wp-admin/admin.php:0
[08-Nov-2020 01:18:18 UTC] PHP   2. do_action() /Users/mohdraza/WebDev/wordpress/gen2voip/app/public/wp-admin/admin.php:259
[08-Nov-2020 01:18:18 UTC] PHP   3. WP_Hook->do_action() /Users/mohdraza/WebDev/wordpress/gen2voip/app/public/wp-includes/plugin.php:478
[08-Nov-2020 01:18:18 UTC] PHP   4. WP_Hook->apply_filters() /Users/mohdraza/WebDev/wordpress/gen2voip/app/public/wp-includes/class-wp-hook.php:311
[08-Nov-2020 01:18:18 UTC] PHP   5. vpsecurity_theme_create_page() /Users/mohdraza/WebDev/wordpress/gen2voip/app/public/wp-includes/class-wp-hook.php:287
[08-Nov-2020 01:18:18 UTC] PHP Fatal error:  require_once(): Failed opening required '/Users/mohdraza/WebDev/wordpress/gen2voip/app/public/wp-content/themes/gen2voip/inc/templates/vpsecurity-header.php' (include_path='.:/usr/share/php:/www/wp-content/pear') in /Users/mohdraza/WebDev/wordpress/gen2voip/app/public/wp-content/themes/gen2voip/inc/function-admin-options.php on line 24
[08-Nov-2020 01:18:18 UTC] PHP Stack trace:
[08-Nov-2020 01:18:18 UTC] PHP   1. {main}() /Users/mohdraza/WebDev/wordpress/gen2voip/app/public/wp-admin/admin.php:0
[08-Nov-2020 01:18:18 UTC] PHP   2. do_action() /Users/mohdraza/WebDev/wordpress/gen2voip/app/public/wp-admin/admin.php:259
[08-Nov-2020 01:18:18 UTC] PHP   3. WP_Hook->do_action() /Users/mohdraza/WebDev/wordpress/gen2voip/app/public/wp-includes/plugin.php:478
[08-Nov-2020 01:18:18 UTC] PHP   4. WP_Hook->apply_filters() /Users/mohdraza/WebDev/wordpress/gen2voip/app/public/wp-includes/class-wp-hook.php:311
[08-Nov-2020 01:18:18 UTC] PHP   5. vpsecurity_theme_create_page() /Users/mohdraza/WebDev/wordpress/gen2voip/app/public/wp-includes/class-wp-hook.php:287
[08-Nov-2020 01:19:28 UTC] PHP Warning:  require_once(/Users/mohdraza/WebDev/wordpress/gen2voip/app/public/wp-content/themes/gen2voip/inc/templates/vpsecurity-header.php): failed to open stream: No such file or directory in /Users/mohdraza/WebDev/wordpress/gen2voip/app/public/wp-content/themes/gen2voip/inc/function-admin-options.php on line 24
[08-Nov-2020 01:19:28 UTC] PHP Stack trace:
[08-Nov-2020 01:19:28 UTC] PHP   1. {main}() /Users/mohdraza/WebDev/wordpress/gen2voip/app/public/wp-admin/admin.php:0
[08-Nov-2020 01:19:28 UTC] PHP   2. do_action() /Users/mohdraza/WebDev/wordpress/gen2voip/app/public/wp-admin/admin.php:259
[08-Nov-2020 01:19:28 UTC] PHP   3. WP_Hook->do_action() /Users/mohdraza/WebDev/wordpress/gen2voip/app/public/wp-includes/plugin.php:478
[08-Nov-2020 01:19:28 UTC] PHP   4. WP_Hook->apply_filters() /Users/mohdraza/WebDev/wordpress/gen2voip/app/public/wp-includes/class-wp-hook.php:311
[08-Nov-2020 01:19:28 UTC] PHP   5. vpsecurity_theme_create_page() /Users/mohdraza/WebDev/wordpress/gen2voip/app/public/wp-includes/class-wp-hook.php:287
[08-Nov-2020 01:19:28 UTC] PHP Fatal error:  require_once(): Failed opening required '/Users/mohdraza/WebDev/wordpress/gen2voip/app/public/wp-content/themes/gen2voip/inc/templates/vpsecurity-header.php' (include_path='.:/usr/share/php:/www/wp-content/pear') in /Users/mohdraza/WebDev/wordpress/gen2voip/app/public/wp-content/themes/gen2voip/inc/function-admin-options.php on line 24
[08-Nov-2020 01:19:28 UTC] PHP Stack trace:
[08-Nov-2020 01:19:28 UTC] PHP   1. {main}() /Users/mohdraza/WebDev/wordpress/gen2voip/app/public/wp-admin/admin.php:0
[08-Nov-2020 01:19:28 UTC] PHP   2. do_action() /Users/mohdraza/WebDev/wordpress/gen2voip/app/public/wp-admin/admin.php:259
[08-Nov-2020 01:19:28 UTC] PHP   3. WP_Hook->do_action() /Users/mohdraza/WebDev/wordpress/gen2voip/app/public/wp-includes/plugin.php:478
[08-Nov-2020 01:19:28 UTC] PHP   4. WP_Hook->apply_filters() /Users/mohdraza/WebDev/wordpress/gen2voip/app/public/wp-includes/class-wp-hook.php:311
[08-Nov-2020 01:19:28 UTC] PHP   5. vpsecurity_theme_create_page() /Users/mohdraza/WebDev/wordpress/gen2voip/app/public/wp-includes/class-wp-hook.php:287
[08-Nov-2020 01:19:46 UTC] PHP Warning:  require_once(/Users/mohdraza/WebDev/wordpress/gen2voip/app/public/wp-content/themes/gen2voip/inc/templates/gen2voip-header.php): failed to open stream: No such file or directory in /Users/mohdraza/WebDev/wordpress/gen2voip/app/public/wp-content/themes/gen2voip/inc/function-admin-options.php on line 24
[08-Nov-2020 01:19:46 UTC] PHP Stack trace:
[08-Nov-2020 01:19:46 UTC] PHP   1. {main}() /Users/mohdraza/WebDev/wordpress/gen2voip/app/public/wp-admin/admin.php:0
[08-Nov-2020 01:19:46 UTC] PHP   2. do_action() /Users/mohdraza/WebDev/wordpress/gen2voip/app/public/wp-admin/admin.php:259
[08-Nov-2020 01:19:46 UTC] PHP   3. WP_Hook->do_action() /Users/mohdraza/WebDev/wordpress/gen2voip/app/public/wp-includes/plugin.php:478
[08-Nov-2020 01:19:46 UTC] PHP   4. WP_Hook->apply_filters() /Users/mohdraza/WebDev/wordpress/gen2voip/app/public/wp-includes/class-wp-hook.php:311
[08-Nov-2020 01:19:46 UTC] PHP   5. vpsecurity_theme_create_page() /Users/mohdraza/WebDev/wordpress/gen2voip/app/public/wp-includes/class-wp-hook.php:287
[08-Nov-2020 01:19:46 UTC] PHP Fatal error:  require_once(): Failed opening required '/Users/mohdraza/WebDev/wordpress/gen2voip/app/public/wp-content/themes/gen2voip/inc/templates/gen2voip-header.php' (include_path='.:/usr/share/php:/www/wp-content/pear') in /Users/mohdraza/WebDev/wordpress/gen2voip/app/public/wp-content/themes/gen2voip/inc/function-admin-options.php on line 24
[08-Nov-2020 01:19:46 UTC] PHP Stack trace:
[08-Nov-2020 01:19:46 UTC] PHP   1. {main}() /Users/mohdraza/WebDev/wordpress/gen2voip/app/public/wp-admin/admin.php:0
[08-Nov-2020 01:19:46 UTC] PHP   2. do_action() /Users/mohdraza/WebDev/wordpress/gen2voip/app/public/wp-admin/admin.php:259
[08-Nov-2020 01:19:46 UTC] PHP   3. WP_Hook->do_action() /Users/mohdraza/WebDev/wordpress/gen2voip/app/public/wp-includes/plugin.php:478
[08-Nov-2020 01:19:46 UTC] PHP   4. WP_Hook->apply_filters() /Users/mohdraza/WebDev/wordpress/gen2voip/app/public/wp-includes/class-wp-hook.php:311
[08-Nov-2020 01:19:46 UTC] PHP   5. vpsecurity_theme_create_page() /Users/mohdraza/WebDev/wordpress/gen2voip/app/public/wp-includes/class-wp-hook.php:287
[08-Nov-2020 01:31:33 UTC] PHP Parse error:  syntax error, unexpected ',', expecting ')' in /Users/mohdraza/WebDev/wordpress/gen2voip/app/public/wp-content/themes/gen2voip/inc/function-admin-options.php on line 33
[08-Nov-2020 01:31:46 UTC] PHP Warning:  call_user_func() expects parameter 1 to be a valid callback, function 'gen2voip_options_options' not found or invalid function name in /Users/mohdraza/WebDev/wordpress/gen2voip/app/public/wp-admin/includes/template.php on line 1688
[08-Nov-2020 01:31:46 UTC] PHP Stack trace:
[08-Nov-2020 01:31:46 UTC] PHP   1. {main}() /Users/mohdraza/WebDev/wordpress/gen2voip/app/public/wp-admin/admin.php:0
[08-Nov-2020 01:31:46 UTC] PHP   2. do_action() /Users/mohdraza/WebDev/wordpress/gen2voip/app/public/wp-admin/admin.php:259
[08-Nov-2020 01:31:46 UTC] PHP   3. WP_Hook->do_action() /Users/mohdraza/WebDev/wordpress/gen2voip/app/public/wp-includes/plugin.php:478
[08-Nov-2020 01:31:46 UTC] PHP   4. WP_Hook->apply_filters() /Users/mohdraza/WebDev/wordpress/gen2voip/app/public/wp-includes/class-wp-hook.php:311
[08-Nov-2020 01:31:46 UTC] PHP   5. gen2voip_theme_create_page() /Users/mohdraza/WebDev/wordpress/gen2voip/app/public/wp-includes/class-wp-hook.php:287
[08-Nov-2020 01:31:46 UTC] PHP   6. require_once() /Users/mohdraza/WebDev/wordpress/gen2voip/app/public/wp-content/themes/gen2voip/inc/function-admin-options.php:23
[08-Nov-2020 01:31:46 UTC] PHP   7. do_settings_sections() /Users/mohdraza/WebDev/wordpress/gen2voip/app/public/wp-content/themes/gen2voip/inc/templates/gen2voip-options.php:7
[08-Nov-2020 01:54:36 UTC] PHP Fatal error:  Cannot redeclare gen2voip_option_phone() (previously declared in /Users/mohdraza/WebDev/wordpress/gen2voip/app/public/wp-content/themes/gen2voip/inc/function-admin-options.php:56) in /Users/mohdraza/WebDev/wordpress/gen2voip/app/public/wp-content/themes/gen2voip/inc/function-admin-options.php on line 64
[08-Nov-2020 01:54:36 UTC] PHP Stack trace:
[08-Nov-2020 01:54:36 UTC] PHP   1. {main}() /Users/mohdraza/WebDev/wordpress/gen2voip/app/public/wp-admin/admin.php:0
[08-Nov-2020 01:54:36 UTC] PHP   2. require_once() /Users/mohdraza/WebDev/wordpress/gen2voip/app/public/wp-admin/admin.php:34
[08-Nov-2020 01:54:36 UTC] PHP   3. require_once() /Users/mohdraza/WebDev/wordpress/gen2voip/app/public/wp-load.php:37
[08-Nov-2020 01:54:36 UTC] PHP   4. require_once() /Users/mohdraza/WebDev/wordpress/gen2voip/app/public/wp-config.php:77
[08-Nov-2020 01:54:36 UTC] PHP   5. include() /Users/mohdraza/WebDev/wordpress/gen2voip/app/public/wp-settings.php:514
